7.0041 	WARNING 	psychopy.parallel has been imported but no parallel port driver found. Install either inpout32, inpoutx64 or dlportio
7.0042 	WARNING 	Could not initiate port: 'NoneType' object is not callable
18.3862 	WARNING 	Monitor specification not found. Creating a temporary one...
18.4010 	WARNING 	User requested fullscreen with size [800 600], but screen is actually [1920, 1080]. Using actual size
1.2861 	DATA 	Keypress: space
2.8854 	DATA 	Keypress: space
2.8964 	EXP 	unnamed TextStim: text = 'patrón musical 1 / 2'
4.9025 	EXP 	Sound  started
16.0729 	DATA 	Keypress: 3
16.0894 	EXP 	unnamed TextStim: text = 'patrón musical 2 / 2'
18.0949 	EXP 	Sound  started
28.7672 	DATA 	Keypress: 4
29.9333 	DATA 	Keypress: space
29.9439 	EXP 	unnamed TextStim: text = 'patrón musical 1 / 48'
31.9491 	EXP 	Sound  started
44.3947 	DATA 	Keypress: 2
44.4103 	EXP 	unnamed TextStim: text = 'patrón musical 2 / 48'
46.4159 	EXP 	Sound  started
56.7231 	DATA 	Keypress: 1
56.7380 	EXP 	unnamed TextStim: text = 'patrón musical 3 / 48'
58.7438 	EXP 	Sound  started
70.2655 	DATA 	Keypress: 3
70.2819 	EXP 	unnamed TextStim: text = 'patrón musical 4 / 48'
72.2873 	EXP 	Sound  started
82.4935 	DATA 	Keypress: 3
82.5097 	EXP 	unnamed TextStim: text = 'patrón musical 5 / 48'
84.5145 	EXP 	Sound  started
95.8372 	DATA 	Keypress: 3
95.8546 	EXP 	unnamed TextStim: text = 'patrón musical 6 / 48'
97.8599 	EXP 	Sound  started
102.4699 	DATA 	Keypress: escape
102.4700 	EXP 	Global key event: shutdown. Calling <function quit_and_save at 0x000002504A171378>.
102.5315 	EXP 	window1: mouseVisible = True
