21.4084 	WARNING 	Monitor specification not found. Creating a temporary one...
21.4349 	WARNING 	User requested fullscreen with size [800 600], but screen is actually [1920, 1080]. Using actual size
7.1330 	DATA 	Keypress: space
7.1472 	EXP 	unnamed TextStim: text = 'trial 1 / 48'
9.1531 	EXP 	Sound  started
20.3613 	DATA 	Keypress: 2
20.3776 	EXP 	unnamed TextStim: text = 'trial 2 / 48'
22.3830 	EXP 	Sound  started
28.5913 	DATA 	Keypress: escape
28.5914 	EXP 	Global key event: shutdown. Calling <function quit_and_save at 0x0000028D90100268>.
28.6312 	EXP 	window1: mouseVisible = True
8.8416 	WARNING 	Monitor specification not found. Creating a temporary one...
8.8627 	WARNING 	User requested fullscreen with size [800 600], but screen is actually [1920, 1080]. Using actual size
1.0605 	DATA 	Keypress: space
2.5719 	DATA 	Keypress: space
2.5824 	EXP 	unnamed TextStim: text = 'trial 1 / 2'
4.5889 	EXP 	Sound  started
16.9471 	DATA 	Keypress: 2
16.9628 	EXP 	unnamed TextStim: text = 'trial 2 / 2'
18.9680 	EXP 	Sound  started
30.1408 	DATA 	Keypress: 3
33.6279 	DATA 	Keypress: space
33.6391 	EXP 	unnamed TextStim: text = 'trial 1 / 48'
35.6440 	EXP 	Sound  started
46.5860 	DATA 	Keypress: 2
46.6121 	EXP 	unnamed TextStim: text = 'trial 2 / 48'
48.6178 	EXP 	Sound  started
60.7937 	DATA 	Keypress: 4
60.8100 	EXP 	unnamed TextStim: text = 'trial 3 / 48'
62.8146 	EXP 	Sound  started
73.2390 	DATA 	Keypress: 2
73.2542 	EXP 	unnamed TextStim: text = 'trial 4 / 48'
75.2600 	EXP 	Sound  started
86.3991 	DATA 	Keypress: 5
86.4147 	EXP 	unnamed TextStim: text = 'trial 5 / 48'
88.4194 	EXP 	Sound  started
98.7104 	DATA 	Keypress: 2
98.7260 	EXP 	unnamed TextStim: text = 'trial 6 / 48'
100.7322 	EXP 	Sound  started
110.2555 	DATA 	Keypress: 2
111.1885 	DATA 	Keypress: 2
111.2214 	EXP 	unnamed TextStim: text = 'trial 7 / 48'
113.2267 	EXP 	Sound  started
123.5818 	DATA 	Keypress: 4
123.5984 	EXP 	unnamed TextStim: text = 'trial 8 / 48'
125.6033 	EXP 	Sound  started
135.8926 	DATA 	Keypress: 4
135.9093 	EXP 	unnamed TextStim: text = 'trial 9 / 48'
137.9143 	EXP 	Sound  started
148.5039 	DATA 	Keypress: 3
148.5202 	EXP 	unnamed TextStim: text = 'trial 10 / 48'
150.5249 	EXP 	Sound  started
161.1150 	DATA 	Keypress: 4
161.1313 	EXP 	unnamed TextStim: text = 'trial 11 / 48'
163.1374 	EXP 	Sound  started
173.5259 	DATA 	Keypress: 4
173.5417 	EXP 	unnamed TextStim: text = 'trial 12 / 48'
175.5458 	EXP 	Sound  started
182.1726 	DATA 	Keypress: 3
185.9365 	DATA 	Keypress: 3
185.9531 	EXP 	unnamed TextStim: text = 'trial 13 / 48'
187.9587 	EXP 	Sound  started
197.9645 	DATA 	Keypress: 4
197.9810 	EXP 	unnamed TextStim: text = 'trial 14 / 48'
199.9864 	EXP 	Sound  started
211.5414 	DATA 	Keypress: 4
211.5579 	EXP 	unnamed TextStim: text = 'trial 15 / 48'
213.5621 	EXP 	Sound  started
223.9527 	DATA 	Keypress: 4
223.9697 	EXP 	unnamed TextStim: text = 'trial 16 / 48'
225.9749 	EXP 	Sound  started
237.8636 	DATA 	Keypress: 5
237.8795 	EXP 	unnamed TextStim: text = 'trial 17 / 48'
239.8840 	EXP 	Sound  started
250.1741 	DATA 	Keypress: 3
250.1907 	EXP 	unnamed TextStim: text = 'trial 18 / 48'
252.1961 	EXP 	Sound  started
262.7690 	DATA 	Keypress: 4
262.7847 	EXP 	unnamed TextStim: text = 'trial 19 / 48'
264.7902 	EXP 	Sound  started
275.3634 	DATA 	Keypress: 5
275.3793 	EXP 	unnamed TextStim: text = 'trial 20 / 48'
277.3834 	EXP 	Sound  started
287.7741 	DATA 	Keypress: 3
287.7901 	EXP 	unnamed TextStim: text = 'trial 21 / 48'
289.7952 	EXP 	Sound  started
300.2183 	DATA 	Keypress: 5
300.2352 	EXP 	unnamed TextStim: text = 'trial 22 / 48'
302.2396 	EXP 	Sound  started
312.4795 	DATA 	Keypress: 3
312.4956 	EXP 	unnamed TextStim: text = 'trial 23 / 48'
314.5005 	EXP 	Sound  started
324.8238 	DATA 	Keypress: 3
324.8401 	EXP 	unnamed TextStim: text = 'trial 24 / 48'
326.8450 	EXP 	Sound  started
337.1683 	DATA 	Keypress: 4
340.3876 	DATA 	Keypress: space
340.3965 	EXP 	unnamed TextStim: text = 'trial 25 / 48'
342.4014 	EXP 	Sound  started
343.0995 	DATA 	Keypress: escape
343.0996 	EXP 	Global key event: shutdown. Calling <function quit_and_save at 0x000002AC8B350268>.
343.1481 	EXP 	window1: mouseVisible = True
104.0047 	WARNING 	Monitor specification not found. Creating a temporary one...
104.0301 	WARNING 	User requested fullscreen with size [800 600], but screen is actually [1920, 1080]. Using actual size
33.2086 	DATA 	Mouse: Left button down, pos=(984,346)
33.2852 	DATA 	Mouse:  Left button up, pos=(984,346)
33.5330 	DATA 	Keypress: escape
33.5331 	EXP 	Global key event: shutdown. Calling <function quit_and_save at 0x000001F283280268>.
33.5596 	EXP 	window1: mouseVisible = True
16.1615 	WARNING 	Monitor specification not found. Creating a temporary one...
16.1844 	WARNING 	User requested fullscreen with size [800 600], but screen is actually [1920, 1080]. Using actual size
0.9378 	DATA 	Keypress: space
21.1574 	DATA 	Mouse: Left button down, pos=(1097,628)
21.2653 	DATA 	Mouse:  Left button up, pos=(1097,628)
21.5052 	DATA 	Keypress: escape
21.5053 	EXP 	Global key event: shutdown. Calling <function quit_and_save at 0x00000253713C0268>.
21.5351 	EXP 	window1: mouseVisible = True
13.4278 	WARNING 	Monitor specification not found. Creating a temporary one...
13.4495 	WARNING 	User requested fullscreen with size [800 600], but screen is actually [1920, 1080]. Using actual size
0.4408 	DATA 	Keypress: space
1.0002 	DATA 	Keypress: space
1.0118 	EXP 	unnamed TextStim: text = 'trial 1 / 2'
3.0159 	EXP 	Sound  started
5.1937 	DATA 	Mouse: Left button down, pos=(1011,617)
5.3086 	DATA 	Mouse:  Left button up, pos=(1011,617)
6.1759 	DATA 	Keypress: escape
6.1760 	EXP 	Global key event: shutdown. Calling <function quit_and_save at 0x0000021A979D0268>.
6.2389 	EXP 	window1: mouseVisible = True
8.8199 	WARNING 	Monitor specification not found. Creating a temporary one...
8.8445 	WARNING 	User requested fullscreen with size [800 600], but screen is actually [1920, 1080]. Using actual size
6.6006 	DATA 	Keypress: space
7.3681 	DATA 	Keypress: space
7.3756 	EXP 	unnamed TextStim: text = '+'
9.3809 	EXP 	Sound  started
11.4424 	DATA 	Keypress: escape
11.4425 	EXP 	Global key event: shutdown. Calling <function quit_and_save at 0x00000206209B0268>.
11.5050 	EXP 	window1: mouseVisible = True
10.8294 	WARNING 	Monitor specification not found. Creating a temporary one...
10.8495 	WARNING 	User requested fullscreen with size [800 600], but screen is actually [1920, 1080]. Using actual size
0.9248 	DATA 	Keypress: space
9.7838 	DATA 	Mouse: Left button down, pos=(896,640)
9.8524 	DATA 	Mouse:  Left button up, pos=(896,640)
10.2202 	DATA 	Keypress: space
12.2296 	EXP 	Sound  started
25.1374 	DATA 	Mouse: Left button down, pos=(658,311)
25.2336 	DATA 	Mouse:  Left button up, pos=(658,311)
25.3829 	DATA 	Keypress: escape
25.3830 	EXP 	Global key event: shutdown. Calling <function quit_and_save at 0x000002DC3F3B0268>.
25.4230 	EXP 	window1: mouseVisible = True
8.7377 	WARNING 	Monitor specification not found. Creating a temporary one...
8.7589 	WARNING 	User requested fullscreen with size [800 600], but screen is actually [1920, 1080]. Using actual size
1.4523 	DATA 	Keypress: space
2.6438 	DATA 	Keypress: space
4.6527 	EXP 	Sound  started
23.6858 	EXP 	Sound  started
30.6825 	DATA 	Mouse: Left button down, pos=(1420,216)
30.7794 	DATA 	Mouse:  Left button up, pos=(1419,219)
30.8642 	DATA 	Keypress: escape
30.8643 	EXP 	Global key event: shutdown. Calling <function quit_and_save at 0x0000018E709C0268>.
30.9147 	EXP 	window1: mouseVisible = True
9.9347 	WARNING 	Monitor specification not found. Creating a temporary one...
9.9573 	WARNING 	User requested fullscreen with size [800 600], but screen is actually [1920, 1080]. Using actual size
8.1109 	DATA 	Keypress: space
12.2144 	DATA 	Keypress: s
14.2242 	EXP 	Sound  started
27.4995 	DATA 	Keypress: f
28.6819 	DATA 	Keypress: 5
30.7031 	EXP 	Sound  started
40.9773 	DATA 	Keypress: 2
62.5879 	DATA 	Mouse: Left button down, pos=(1207,379)
62.6865 	DATA 	Mouse:  Left button up, pos=(1207,379)
62.9823 	DATA 	Keypress: escape
62.9823 	EXP 	Global key event: shutdown. Calling <function quit_and_save at 0x000001F2A7C40268>.
63.0273 	EXP 	window1: mouseVisible = True
13.2889 	WARNING 	Monitor specification not found. Creating a temporary one...
13.3115 	WARNING 	User requested fullscreen with size [800 600], but screen is actually [1920, 1080]. Using actual size
13.7969 	DATA 	Mouse: Left button down, pos=(907,487)
13.8965 	DATA 	Mouse:  Left button up, pos=(907,487)
14.3605 	DATA 	Keypress: escape
14.3605 	EXP 	Global key event: shutdown. Calling <function quit_and_save at 0x000001FEECE00268>.
14.4046 	EXP 	window1: mouseVisible = True
30.2130 	WARNING 	Monitor specification not found. Creating a temporary one...
30.2359 	WARNING 	User requested fullscreen with size [800 600], but screen is actually [1920, 1080]. Using actual size
1.0163 	DATA 	Keypress: space
3.0962 	DATA 	Keypress: space
5.1062 	EXP 	Sound  started
24.0841 	DATA 	Mouse: Left button down, pos=(820,523)
24.1372 	EXP 	Sound  started
24.1827 	DATA 	Mouse:  Left button up, pos=(820,523)
24.2990 	DATA 	Keypress: escape
24.2991 	EXP 	Global key event: shutdown. Calling <function quit_and_save at 0x00000276A9D50268>.
24.3529 	EXP 	window1: mouseVisible = True
14.2789 	WARNING 	Monitor specification not found. Creating a temporary one...
14.2989 	WARNING 	User requested fullscreen with size [800 600], but screen is actually [1920, 1080]. Using actual size
2.3223 	DATA 	Keypress: space
2.9777 	DATA 	Keypress: space
4.9867 	EXP 	Sound  started
11.1499 	DATA 	Mouse: Left button down, pos=(1028,617)
11.2159 	DATA 	Mouse:  Left button up, pos=(1028,617)
15.5633 	DATA 	Keypress: space
16.6129 	DATA 	Mouse: Left button down, pos=(1050,583)
16.7126 	DATA 	Mouse:  Left button up, pos=(1050,583)
17.0798 	DATA 	Keypress: space
18.8455 	DATA 	Keypress: 2
20.8660 	EXP 	Sound  started
27.7303 	DATA 	Mouse: Left button down, pos=(1185,638)
27.8081 	DATA 	Mouse:  Left button up, pos=(1185,638)
33.1885 	DATA 	Keypress: 3
34.6657 	DATA 	Keypress: space
36.6741 	EXP 	Sound  started
47.7731 	DATA 	Mouse: Left button down, pos=(802,678)
47.8815 	DATA 	Mouse:  Left button up, pos=(802,678)
48.8976 	DATA 	Keypress: 2
50.9179 	EXP 	Sound  started
62.0126 	DATA 	Mouse: Left button down, pos=(474,720)
62.0932 	DATA 	Mouse:  Left button up, pos=(474,720)
62.7084 	DATA 	Keypress: space
64.0912 	DATA 	Mouse: Left button down, pos=(645,709)
64.1911 	DATA 	Mouse:  Left button up, pos=(645,709)
65.7737 	DATA 	Keypress: 3
67.7939 	EXP 	Sound  started
73.4126 	DATA 	Mouse: Left button down, pos=(1033,225)
73.5033 	DATA 	Mouse:  Left button up, pos=(1033,225)
76.7742 	DATA 	Mouse: Left button down, pos=(1101,369)
76.8692 	DATA 	Mouse:  Left button up, pos=(1101,369)
80.0840 	DATA 	Keypress: 3
82.1051 	EXP 	Sound  started
93.9775 	DATA 	Keypress: 4
95.9982 	EXP 	Sound  started
107.3047 	DATA 	Keypress: 4
109.3247 	EXP 	Sound  started
120.8318 	DATA 	Keypress: 2
122.8529 	EXP 	Sound  started
137.1911 	DATA 	Keypress: 4
139.2114 	EXP 	Sound  started
148.5029 	DATA 	Keypress: escape
148.5029 	EXP 	Global key event: shutdown. Calling <function quit_and_save at 0x000002240ADB0268>.
148.5538 	EXP 	window1: mouseVisible = True
11.3422 	WARNING 	Monitor specification not found. Creating a temporary one...
11.3615 	WARNING 	User requested fullscreen with size [800 600], but screen is actually [1920, 1080]. Using actual size
0.5512 	DATA 	Keypress: space
2.5591 	EXP 	Sound  started
15.7336 	DATA 	Mouse: Left button down, pos=(1208,380)
15.7936 	DATA 	Mouse:  Left button up, pos=(1208,380)
15.9765 	DATA 	Keypress: 3
18.0118 	EXP 	Sound  started
28.5602 	DATA 	Mouse: Left button down, pos=(533,803)
28.6238 	DATA 	Mouse:  Left button up, pos=(533,803)
29.7357 	DATA 	Keypress: 5
31.8183 	EXP 	Sound  started
41.2520 	DATA 	Mouse: Left button down, pos=(1575,577)
41.3459 	DATA 	Mouse:  Left button up, pos=(1575,577)
42.3118 	DATA 	Keypress: 3
44.3621 	EXP 	Sound  started
52.4672 	DATA 	Mouse: Left button down, pos=(1452,424)
52.5753 	DATA 	Mouse:  Left button up, pos=(1452,424)
55.3233 	DATA 	Keypress: 5
57.3434 	EXP 	Sound  started
67.5429 	DATA 	Mouse: Left button down, pos=(1204,804)
67.6205 	DATA 	Mouse:  Left button up, pos=(1204,804)
68.5509 	DATA 	Keypress: 3
70.5723 	EXP 	Sound  started
81.2693 	DATA 	Mouse: Left button down, pos=(1702,266)
81.3518 	DATA 	Mouse:  Left button up, pos=(1702,266)
83.6485 	DATA 	Keypress: 3
84.4636 	DATA 	Mouse: Left button down, pos=(1514,310)
84.4639 	DATA 	Mouse:  Left button up, pos=(1514,310)
85.6679 	EXP 	Sound  started
96.1314 	DATA 	Mouse: Left button down, pos=(1031,494)
96.2103 	DATA 	Mouse:  Left button up, pos=(1031,494)
97.0763 	DATA 	Keypress: 4
99.0970 	EXP 	Sound  started
100.5691 	DATA 	Mouse: Left button down, pos=(1487,793)
100.6703 	DATA 	Mouse:  Left button up, pos=(1487,793)
109.8819 	DATA 	Mouse: Left button down, pos=(874,512)
109.9980 	DATA 	Mouse:  Left button up, pos=(874,512)
110.8323 	DATA 	Keypress: 4
110.8328 	DATA 	Keypress: 3
112.8519 	EXP 	Sound  started
124.2579 	DATA 	Mouse: Left button down, pos=(1106,491)
124.3581 	DATA 	Mouse:  Left button up, pos=(1106,491)
124.9764 	DATA 	Keypress: 3
126.9965 	EXP 	Sound  started
127.2340 	DATA 	Mouse: Left button down, pos=(829,492)
127.3424 	DATA 	Mouse:  Left button up, pos=(829,492)
138.8389 	DATA 	Mouse: Left button down, pos=(1061,241)
138.9355 	DATA 	Mouse:  Left button up, pos=(1061,241)
139.8341 	DATA 	Keypress: 5
141.6560 	DATA 	Mouse: Left button down, pos=(877,277)
141.6562 	DATA 	Mouse:  Left button up, pos=(877,277)
141.8556 	EXP 	Sound  started
151.5718 	DATA 	Mouse: Left button down, pos=(403,272)
151.6793 	DATA 	Mouse:  Left button up, pos=(403,272)
152.9790 	DATA 	Keypress: 5
154.9989 	EXP 	Sound  started
166.1432 	DATA 	Mouse: Left button down, pos=(576,533)
166.2393 	DATA 	Mouse:  Left button up, pos=(576,533)
166.9565 	DATA 	Keypress: 5
168.9777 	EXP 	Sound  started
180.1332 	DATA 	Mouse: Left button down, pos=(691,518)
180.2496 	DATA 	Mouse:  Left button up, pos=(691,518)
184.8144 	DATA 	Keypress: 4
186.8358 	EXP 	Sound  started
199.0081 	DATA 	Keypress: 5
201.0296 	EXP 	Sound  started
211.9445 	DATA 	Mouse: Left button down, pos=(1163,362)
212.0353 	DATA 	Mouse:  Left button up, pos=(1163,362)
213.2847 	DATA 	Keypress: 5
215.3052 	EXP 	Sound  started
226.4805 	DATA 	Keypress: 4
228.5165 	EXP 	Sound  started
238.9959 	DATA 	Mouse: Left button down, pos=(969,586)
239.0942 	DATA 	Mouse:  Left button up, pos=(969,586)
239.8077 	DATA 	Keypress: 4
241.8443 	EXP 	Sound  started
252.7085 	DATA 	Mouse: Left button down, pos=(837,576)
252.8013 	DATA 	Mouse:  Left button up, pos=(837,576)
253.5500 	DATA 	Keypress: 4
255.5714 	EXP 	Sound  started
267.2825 	DATA 	Mouse: Left button down, pos=(675,533)
267.3797 	DATA 	Mouse:  Left button up, pos=(675,533)
268.1106 	DATA 	Keypress: 4
270.1446 	EXP 	Sound  started
281.3917 	DATA 	Mouse: Left button down, pos=(374,678)
281.4719 	DATA 	Mouse:  Left button up, pos=(374,678)
282.1875 	DATA 	Keypress: 4
284.2084 	EXP 	Sound  started
296.4572 	DATA 	Mouse: Left button down, pos=(1250,472)
296.5633 	DATA 	Mouse:  Left button up, pos=(1250,472)
297.3816 	DATA 	Keypress: 4
299.4012 	EXP 	Sound  started
315.5470 	DATA 	Mouse: Left button down, pos=(916,477)
315.6214 	DATA 	Mouse:  Left button up, pos=(916,477)
316.3048 	DATA 	Keypress: 4
318.3256 	EXP 	Sound  started
329.6981 	DATA 	Mouse: Left button down, pos=(747,415)
329.7982 	DATA 	Mouse:  Left button up, pos=(747,415)
330.2989 	DATA 	Keypress: 2
332.3199 	EXP 	Sound  started
346.4824 	DATA 	Mouse: Left button down, pos=(1374,443)
346.5757 	DATA 	Mouse:  Left button up, pos=(1374,443)
347.2410 	DATA 	Keypress: 3
360.5154 	DATA 	Mouse: Left button down, pos=(1505,394)
360.5991 	DATA 	Mouse:  Left button up, pos=(1505,394)
365.7512 	DATA 	Keypress: space
367.7595 	EXP 	Sound  started
369.6318 	DATA 	Mouse: Left button down, pos=(1498,402)
369.7307 	DATA 	Mouse:  Left button up, pos=(1498,402)
380.0088 	DATA 	Keypress: 3
382.0298 	EXP 	Sound  started
393.4701 	DATA 	Mouse: Left button down, pos=(1363,526)
393.5698 	DATA 	Mouse:  Left button up, pos=(1363,526)
393.8692 	DATA 	Keypress: 2
395.8899 	EXP 	Sound  started
408.0833 	DATA 	Mouse: Left button down, pos=(614,459)
408.1964 	DATA 	Mouse:  Left button up, pos=(614,459)
408.8632 	DATA 	Keypress: 4
410.8995 	EXP 	Sound  started
422.5422 	DATA 	Mouse: Left button down, pos=(879,392)
422.6590 	DATA 	Mouse:  Left button up, pos=(879,392)
423.4566 	DATA 	Keypress: 2
425.4764 	EXP 	Sound  started
437.3884 	DATA 	Mouse: Left button down, pos=(694,499)
437.5006 	DATA 	Mouse:  Left button up, pos=(694,499)
441.3307 	DATA 	Keypress: 3
443.1528 	DATA 	Keypress: 2
443.3519 	EXP 	Sound  started
447.2463 	DATA 	Mouse: Right button down, pos=(551,842)
447.4349 	DATA 	Mouse:  Right button up, pos=(551,842)
454.5430 	DATA 	Keypress: 3
455.3765 	DATA 	Keypress: escape
455.3766 	EXP 	Global key event: shutdown. Calling <function quit_and_save at 0x000002501B240268>.
455.4896 	EXP 	window1: mouseVisible = True
19.3392 	WARNING 	Monitor specification not found. Creating a temporary one...
19.3611 	WARNING 	User requested fullscreen with size [800 600], but screen is actually [1920, 1080]. Using actual size
1.1709 	DATA 	Mouse: Left button down, pos=(1037,632)
1.2507 	DATA 	Mouse:  Left button up, pos=(1037,632)
1.3946 	DATA 	Keypress: space
3.4032 	EXP 	Sound  started
17.8768 	DATA 	Mouse: Left button down, pos=(630,800)
18.0554 	DATA 	Mouse:  Left button up, pos=(630,800)
19.7224 	DATA 	Keypress: 4
21.7417 	EXP 	Sound  started
40.7669 	EXP 	Sound  started
59.7920 	EXP 	Sound  started
78.8161 	EXP 	Sound  started
97.8408 	EXP 	Sound  started
116.8654 	EXP 	Sound  started
135.8910 	EXP 	Sound  started
154.9156 	EXP 	Sound  started
173.9410 	EXP 	Sound  started
192.9647 	EXP 	Sound  started
205.2707 	DATA 	Keypress: 3
207.2912 	EXP 	Sound  started
218.6981 	DATA 	Keypress: 3
220.7185 	EXP 	Sound  started
232.5918 	DATA 	Keypress: 4
234.6132 	EXP 	Sound  started
252.4347 	DATA 	Keypress: 5
253.6372 	EXP 	Sound  started
268.0762 	DATA 	Keypress: 5
270.0966 	EXP 	Sound  started
281.6860 	DATA 	Keypress: 4
283.7071 	EXP 	Sound  started
299.6619 	DATA 	Keypress: 5
301.6819 	EXP 	Sound  started
316.6863 	DATA 	Keypress: 5
318.7066 	EXP 	Sound  started
330.4473 	DATA 	Keypress: 3
332.4679 	EXP 	Sound  started
344.6079 	DATA 	Keypress: 3
346.6287 	EXP 	Sound  started
359.4186 	DATA 	Keypress: 3
361.4550 	EXP 	Sound  started
372.6637 	DATA 	Keypress: 3
374.6829 	EXP 	Sound  started
386.1887 	DATA 	Keypress: 4
388.2098 	EXP 	Sound  started
400.2993 	DATA 	Keypress: 4
411.7596 	DATA 	Mouse: Left button down, pos=(1315,374)
411.8985 	DATA 	Mouse:  Left button up, pos=(1315,374)
419.1624 	DATA 	Keypress: space
421.1709 	EXP 	Sound  started
431.4355 	DATA 	Keypress: 3
433.4561 	EXP 	Sound  started
451.2765 	DATA 	Keypress: escape
451.2766 	EXP 	Global key event: shutdown. Calling <function quit_and_save at 0x000001FB22530268>.
451.3145 	EXP 	window1: mouseVisible = True
9.5091 	WARNING 	Monitor specification not found. Creating a temporary one...
9.5294 	WARNING 	User requested fullscreen with size [800 600], but screen is actually [1920, 1080]. Using actual size
0.0574 	EXP 	window1: mouseVisible = True
21.3638 	WARNING 	Monitor specification not found. Creating a temporary one...
21.3845 	WARNING 	User requested fullscreen with size [800 600], but screen is actually [1920, 1080]. Using actual size
7.1160 	DATA 	Mouse: Left button down, pos=(331,343)
7.1915 	DATA 	Mouse:  Left button up, pos=(331,343)
7.3441 	DATA 	Keypress: escape
7.3441 	EXP 	Global key event: shutdown. Calling <function quit_and_save at 0x000002F238BC0268>.
7.3870 	EXP 	window1: mouseVisible = True
20.8566 	WARNING 	Monitor specification not found. Creating a temporary one...
20.8771 	WARNING 	User requested fullscreen with size [800 600], but screen is actually [1920, 1080]. Using actual size
59.3515 	DATA 	Mouse: Left button down, pos=(209,272)
59.4523 	DATA 	Mouse:  Left button up, pos=(209,272)
59.9247 	DATA 	Keypress: escape
59.9248 	EXP 	Global key event: shutdown. Calling <function quit_and_save at 0x00000144E9B00268>.
59.9616 	EXP 	window1: mouseVisible = True
10.2968 	WARNING 	Monitor specification not found. Creating a temporary one...
10.3173 	WARNING 	User requested fullscreen with size [800 600], but screen is actually [1920, 1080]. Using actual size
1.9967 	DATA 	Keypress: space
3.4120 	DATA 	Keypress: space
3.4218 	EXP 	unnamed TextStim: text = 'trial 1 / 2'
5.4268 	EXP 	Sound  started
16.6241 	DATA 	Keypress: 4
16.6403 	EXP 	unnamed TextStim: text = 'trial 2 / 2'
18.6455 	EXP 	Sound  started
29.9516 	DATA 	Keypress: 4
34.3881 	DATA 	Keypress: space
34.3993 	EXP 	unnamed TextStim: text = 'trial 1 / 48'
36.4039 	EXP 	Sound  started
46.9108 	DATA 	Keypress: 4
46.9264 	EXP 	unnamed TextStim: text = 'trial 2 / 48'
47.7287 	DATA 	Keypress: escape
47.7289 	EXP 	Global key event: shutdown. Calling <function quit_and_save at 0x000001A848750268>.
47.7992 	EXP 	window1: mouseVisible = True
