13.8163 	WARNING 	Monitor specification not found. Creating a temporary one...
13.8412 	WARNING 	User requested fullscreen with size [800 600], but screen is actually [1920, 1080]. Using actual size
21.0611 	DATA 	Keypress: space
26.2587 	DATA 	Keypress: space
26.2696 	EXP 	unnamed TextStim: text = 'patrón musical 1 / 2'
28.2747 	EXP 	Sound  started
41.6404 	DATA 	Keypress: 2
41.6562 	EXP 	unnamed TextStim: text = 'patrón musical 2 / 2'
43.6602 	EXP 	Sound  started
55.4169 	DATA 	Keypress: 4
58.7772 	DATA 	Keypress: space
58.7905 	EXP 	unnamed TextStim: text = 'patrón musical 1 / 48'
60.7935 	EXP 	Sound  started
73.3260 	DATA 	Keypress: 2
73.3422 	EXP 	unnamed TextStim: text = 'patrón musical 2 / 48'
75.3466 	EXP 	Sound  started
92.3666 	EXP 	unnamed TextStim: text = 'patrón musical 3 / 48'
94.3708 	EXP 	Sound  started
111.3913 	EXP 	unnamed TextStim: text = 'patrón musical 4 / 48'
113.3950 	EXP 	Sound  started
125.4350 	DATA 	Keypress: 3
125.4514 	EXP 	unnamed TextStim: text = 'patrón musical 5 / 48'
127.4558 	EXP 	Sound  started
144.4765 	EXP 	unnamed TextStim: text = 'patrón musical 6 / 48'
146.4813 	EXP 	Sound  started
148.6091 	DATA 	Keypress: escape
148.6091 	EXP 	Global key event: shutdown. Calling <function quit_and_save at 0x0000025A854B0488>.
148.6622 	EXP 	window1: mouseVisible = True
