31.2939 	WARNING 	Monitor specification not found. Creating a temporary one...
31.3083 	WARNING 	User requested fullscreen with size [800 600], but screen is actually [1920, 1080]. Using actual size
15.3793 	DATA 	Keypress: space
18.1956 	DATA 	Keypress: left
18.2054 	EXP 	unnamed TextStim: text = 'patrón musical 1 / 2'
20.2096 	EXP 	Sound  started
22.1707 	DATA 	Keypress: space
31.4487 	DATA 	Keypress: 2
31.4644 	EXP 	unnamed TextStim: text = 'patrón musical 2 / 2'
33.4695 	EXP 	Sound  started
45.8420 	DATA 	Keypress: 3
50.8451 	DATA 	Keypress: space
50.8579 	EXP 	unnamed TextStim: text = 'patrón musical 1 / 48'
52.8623 	EXP 	Sound  started
69.8804 	EXP 	unnamed TextStim: text = 'patrón musical 2 / 48'
71.8846 	EXP 	Sound  started
88.9051 	EXP 	unnamed TextStim: text = 'patrón musical 3 / 48'
90.9089 	EXP 	Sound  started
107.9298 	EXP 	unnamed TextStim: text = 'patrón musical 4 / 48'
109.9342 	EXP 	Sound  started
126.9545 	EXP 	unnamed TextStim: text = 'patrón musical 5 / 48'
128.9598 	EXP 	Sound  started
145.9797 	EXP 	unnamed TextStim: text = 'patrón musical 6 / 48'
147.9843 	EXP 	Sound  started
165.0044 	EXP 	unnamed TextStim: text = 'patrón musical 7 / 48'
167.0082 	EXP 	Sound  started
184.0290 	EXP 	unnamed TextStim: text = 'patrón musical 8 / 48'
186.0328 	EXP 	Sound  started
203.0575 	EXP 	unnamed TextStim: text = 'patrón musical 9 / 48'
205.0624 	EXP 	Sound  started
222.0955 	EXP 	unnamed TextStim: text = 'patrón musical 10 / 48'
224.1013 	EXP 	Sound  started
241.1197 	EXP 	unnamed TextStim: text = 'patrón musical 11 / 48'
243.1238 	EXP 	Sound  started
260.1445 	EXP 	unnamed TextStim: text = 'patrón musical 12 / 48'
262.1485 	EXP 	Sound  started
279.1685 	EXP 	unnamed TextStim: text = 'patrón musical 13 / 48'
281.1728 	EXP 	Sound  started
298.1943 	EXP 	unnamed TextStim: text = 'patrón musical 14 / 48'
300.2006 	EXP 	Sound  started
317.2177 	EXP 	unnamed TextStim: text = 'patrón musical 15 / 48'
319.2227 	EXP 	Sound  started
336.2427 	EXP 	unnamed TextStim: text = 'patrón musical 16 / 48'
338.2471 	EXP 	Sound  started
355.2672 	EXP 	unnamed TextStim: text = 'patrón musical 17 / 48'
357.2721 	EXP 	Sound  started
374.2919 	EXP 	unnamed TextStim: text = 'patrón musical 18 / 48'
376.2948 	EXP 	Sound  started
393.3166 	EXP 	unnamed TextStim: text = 'patrón musical 19 / 48'
395.3213 	EXP 	Sound  started
412.3413 	EXP 	unnamed TextStim: text = 'patrón musical 20 / 48'
414.3454 	EXP 	Sound  started
431.3661 	EXP 	unnamed TextStim: text = 'patrón musical 21 / 48'
433.3705 	EXP 	Sound  started
450.3906 	EXP 	unnamed TextStim: text = 'patrón musical 22 / 48'
452.3951 	EXP 	Sound  started
469.4152 	EXP 	unnamed TextStim: text = 'patrón musical 23 / 48'
471.4204 	EXP 	Sound  started
488.4401 	EXP 	unnamed TextStim: text = 'patrón musical 24 / 48'
490.4445 	EXP 	Sound  started
516.9933 	DATA 	Keypress: space
517.0023 	EXP 	unnamed TextStim: text = 'patrón musical 25 / 48'
519.0066 	EXP 	Sound  started
536.0353 	EXP 	unnamed TextStim: text = 'patrón musical 26 / 48'
538.0402 	EXP 	Sound  started
555.0595 	EXP 	unnamed TextStim: text = 'patrón musical 27 / 48'
557.0640 	EXP 	Sound  started
574.0843 	EXP 	unnamed TextStim: text = 'patrón musical 28 / 48'
576.0893 	EXP 	Sound  started
593.1089 	EXP 	unnamed TextStim: text = 'patrón musical 29 / 48'
595.1133 	EXP 	Sound  started
612.1335 	EXP 	unnamed TextStim: text = 'patrón musical 30 / 48'
614.1384 	EXP 	Sound  started
631.1592 	EXP 	unnamed TextStim: text = 'patrón musical 31 / 48'
633.1635 	EXP 	Sound  started
650.1831 	EXP 	unnamed TextStim: text = 'patrón musical 32 / 48'
652.1874 	EXP 	Sound  started
669.2078 	EXP 	unnamed TextStim: text = 'patrón musical 33 / 48'
671.2128 	EXP 	Sound  started
688.2325 	EXP 	unnamed TextStim: text = 'patrón musical 34 / 48'
690.2369 	EXP 	Sound  started
707.2571 	EXP 	unnamed TextStim: text = 'patrón musical 35 / 48'
709.2614 	EXP 	Sound  started
726.2819 	EXP 	unnamed TextStim: text = 'patrón musical 36 / 48'
728.2865 	EXP 	Sound  started
745.3062 	EXP 	unnamed TextStim: text = 'patrón musical 37 / 48'
747.3115 	EXP 	Sound  started
764.3310 	EXP 	unnamed TextStim: text = 'patrón musical 38 / 48'
766.3352 	EXP 	Sound  started
783.3560 	EXP 	unnamed TextStim: text = 'patrón musical 39 / 48'
785.3603 	EXP 	Sound  started
802.3807 	EXP 	unnamed TextStim: text = 'patrón musical 40 / 48'
804.3858 	EXP 	Sound  started
821.4064 	EXP 	unnamed TextStim: text = 'patrón musical 41 / 48'
823.4105 	EXP 	Sound  started
840.4299 	EXP 	unnamed TextStim: text = 'patrón musical 42 / 48'
842.4345 	EXP 	Sound  started
859.4549 	EXP 	unnamed TextStim: text = 'patrón musical 43 / 48'
861.4594 	EXP 	Sound  started
878.4806 	EXP 	unnamed TextStim: text = 'patrón musical 44 / 48'
880.4854 	EXP 	Sound  started
897.5038 	EXP 	unnamed TextStim: text = 'patrón musical 45 / 48'
899.5083 	EXP 	Sound  started
916.5284 	EXP 	unnamed TextStim: text = 'patrón musical 46 / 48'
918.5326 	EXP 	Sound  started
935.5532 	EXP 	unnamed TextStim: text = 'patrón musical 47 / 48'
937.5564 	EXP 	Sound  started
954.5778 	EXP 	unnamed TextStim: text = 'patrón musical 48 / 48'
956.5828 	EXP 	Sound  started
991.1764 	DATA 	Keypress: space
1000.7887 	DATA 	Keypress: space
1005.4559 	DATA 	Keypress: space
1005.4632 	EXP 	unnamed TextStim: text = 'patrón musical 1 / 2'
1007.4662 	EXP 	Sound  started
1020.8147 	DATA 	Keypress: 2
1020.8309 	EXP 	unnamed TextStim: text = 'patrón musical 2 / 2'
1022.8353 	EXP 	Sound  started
1035.3920 	DATA 	Keypress: 4
1037.8015 	DATA 	Keypress: space
1037.8106 	EXP 	unnamed TextStim: text = 'patrón musical 1 / 48'
1039.8150 	EXP 	Sound  started
1056.8483 	EXP 	unnamed TextStim: text = 'patrón musical 2 / 48'
1058.8529 	EXP 	Sound  started
1075.8726 	EXP 	unnamed TextStim: text = 'patrón musical 3 / 48'
1077.8771 	EXP 	Sound  started
1094.8974 	EXP 	unnamed TextStim: text = 'patrón musical 4 / 48'
1096.9012 	EXP 	Sound  started
1113.9219 	EXP 	unnamed TextStim: text = 'patrón musical 5 / 48'
1115.9265 	EXP 	Sound  started
1132.9466 	EXP 	unnamed TextStim: text = 'patrón musical 6 / 48'
1134.9519 	EXP 	Sound  started
1151.9715 	EXP 	unnamed TextStim: text = 'patrón musical 7 / 48'
1153.9759 	EXP 	Sound  started
1170.9959 	EXP 	unnamed TextStim: text = 'patrón musical 8 / 48'
1173.0009 	EXP 	Sound  started
1190.0206 	EXP 	unnamed TextStim: text = 'patrón musical 9 / 48'
1192.0256 	EXP 	Sound  started
1209.0452 	EXP 	unnamed TextStim: text = 'patrón musical 10 / 48'
1211.0492 	EXP 	Sound  started
1228.0697 	EXP 	unnamed TextStim: text = 'patrón musical 11 / 48'
1230.0746 	EXP 	Sound  started
1247.0944 	EXP 	unnamed TextStim: text = 'patrón musical 12 / 48'
1249.0985 	EXP 	Sound  started
1266.1192 	EXP 	unnamed TextStim: text = 'patrón musical 13 / 48'
1268.1224 	EXP 	Sound  started
1285.1440 	EXP 	unnamed TextStim: text = 'patrón musical 14 / 48'
1287.1487 	EXP 	Sound  started
1304.1689 	EXP 	unnamed TextStim: text = 'patrón musical 15 / 48'
1306.1730 	EXP 	Sound  started
1323.1933 	EXP 	unnamed TextStim: text = 'patrón musical 16 / 48'
1325.1972 	EXP 	Sound  started
1342.2179 	EXP 	unnamed TextStim: text = 'patrón musical 17 / 48'
1344.2223 	EXP 	Sound  started
1361.2427 	EXP 	unnamed TextStim: text = 'patrón musical 18 / 48'
1363.2466 	EXP 	Sound  started
1380.2672 	EXP 	unnamed TextStim: text = 'patrón musical 19 / 48'
1382.2711 	EXP 	Sound  started
1399.2918 	EXP 	unnamed TextStim: text = 'patrón musical 20 / 48'
1401.2962 	EXP 	Sound  started
1418.3162 	EXP 	unnamed TextStim: text = 'patrón musical 21 / 48'
1420.3208 	EXP 	Sound  started
1437.3415 	EXP 	unnamed TextStim: text = 'patrón musical 22 / 48'
1439.3458 	EXP 	Sound  started
1456.3662 	EXP 	unnamed TextStim: text = 'patrón musical 23 / 48'
1458.3700 	EXP 	Sound  started
1475.3913 	EXP 	unnamed TextStim: text = 'patrón musical 24 / 48'
1477.3962 	EXP 	Sound  started
1514.7226 	DATA 	Keypress: space
1514.7311 	EXP 	unnamed TextStim: text = 'patrón musical 25 / 48'
1516.7362 	EXP 	Sound  started
1533.7641 	EXP 	unnamed TextStim: text = 'patrón musical 26 / 48'
1535.7677 	EXP 	Sound  started
1552.7882 	EXP 	unnamed TextStim: text = 'patrón musical 27 / 48'
1554.7934 	EXP 	Sound  started
1571.8135 	EXP 	unnamed TextStim: text = 'patrón musical 28 / 48'
1573.8176 	EXP 	Sound  started
1590.8380 	EXP 	unnamed TextStim: text = 'patrón musical 29 / 48'
1592.8426 	EXP 	Sound  started
1609.8629 	EXP 	unnamed TextStim: text = 'patrón musical 30 / 48'
1611.8669 	EXP 	Sound  started
1628.8871 	EXP 	unnamed TextStim: text = 'patrón musical 31 / 48'
1630.8915 	EXP 	Sound  started
1647.9122 	EXP 	unnamed TextStim: text = 'patrón musical 32 / 48'
1649.9167 	EXP 	Sound  started
1666.9366 	EXP 	unnamed TextStim: text = 'patrón musical 33 / 48'
1668.9413 	EXP 	Sound  started
1685.9613 	EXP 	unnamed TextStim: text = 'patrón musical 34 / 48'
1687.9662 	EXP 	Sound  started
1704.9861 	EXP 	unnamed TextStim: text = 'patrón musical 35 / 48'
1706.9901 	EXP 	Sound  started
1724.0124 	EXP 	unnamed TextStim: text = 'patrón musical 36 / 48'
1726.0172 	EXP 	Sound  started
1743.0353 	EXP 	unnamed TextStim: text = 'patrón musical 37 / 48'
1745.0391 	EXP 	Sound  started
1762.0617 	EXP 	unnamed TextStim: text = 'patrón musical 38 / 48'
1764.0656 	EXP 	Sound  started
1781.0851 	EXP 	unnamed TextStim: text = 'patrón musical 39 / 48'
1783.0903 	EXP 	Sound  started
1800.1095 	EXP 	unnamed TextStim: text = 'patrón musical 40 / 48'
1802.1132 	EXP 	Sound  started
1819.1345 	EXP 	unnamed TextStim: text = 'patrón musical 41 / 48'
1821.1384 	EXP 	Sound  started
1838.2116 	EXP 	unnamed TextStim: text = 'patrón musical 42 / 48'
1840.2166 	EXP 	Sound  started
1857.2336 	EXP 	unnamed TextStim: text = 'patrón musical 43 / 48'
1859.2384 	EXP 	Sound  started
1876.2586 	EXP 	unnamed TextStim: text = 'patrón musical 44 / 48'
1878.2630 	EXP 	Sound  started
1895.2831 	EXP 	unnamed TextStim: text = 'patrón musical 45 / 48'
1897.2869 	EXP 	Sound  started
1914.3078 	EXP 	unnamed TextStim: text = 'patrón musical 46 / 48'
1916.3127 	EXP 	Sound  started
1933.3321 	EXP 	unnamed TextStim: text = 'patrón musical 47 / 48'
1935.3363 	EXP 	Sound  started
1952.3566 	EXP 	unnamed TextStim: text = 'patrón musical 48 / 48'
1954.3604 	EXP 	Sound  started
1973.4300 	EXP 	window1: mouseVisible = True
