15.3498 	WARNING 	Monitor specification not found. Creating a temporary one...
15.3658 	WARNING 	User requested fullscreen with size [800 600], but screen is actually [1920, 1080]. Using actual size
18.2230 	DATA 	Keypress: space
24.4070 	DATA 	Keypress: space
24.4178 	EXP 	unnamed TextStim: text = 'trial 1 / 2'
25.4864 	EXP 	window1: mouseVisible = True
13.7472 	WARNING 	Monitor specification not found. Creating a temporary one...
13.7598 	WARNING 	User requested fullscreen with size [800 600], but screen is actually [1920, 1080]. Using actual size
1.8716 	DATA 	Keypress: space
3.3437 	DATA 	Keypress: space
3.3537 	EXP 	unnamed TextStim: text = 'trial 1 / 2'
4.3583 	EXP 	Sound  started
17.1838 	DATA 	Keypress: 3
17.1995 	EXP 	unnamed TextStim: text = 'trial 2 / 2'
18.2042 	EXP 	Sound  started
30.4112 	DATA 	Keypress: 2
34.9038 	DATA 	Keypress: space
34.9147 	EXP 	unnamed TextStim: text = 'trial 1 / 36'
35.9194 	EXP 	Sound  started
37.4081 	DATA 	Keypress: escape
37.4081 	EXP 	Global key event: shutdown. Calling <function quit_and_save at 0x0000023D862B0268>.
37.4771 	EXP 	window1: mouseVisible = True
18.3486 	WARNING 	Monitor specification not found. Creating a temporary one...
18.3650 	WARNING 	User requested fullscreen with size [800 600], but screen is actually [1920, 1080]. Using actual size
17.5767 	DATA 	Keypress: space
22.3046 	DATA 	Keypress: space
22.3149 	EXP 	unnamed TextStim: text = 'trial 1 / 2'
23.3206 	EXP 	Sound  started
34.0286 	DATA 	Keypress: 3
34.0451 	EXP 	unnamed TextStim: text = 'trial 2 / 2'
35.0497 	EXP 	Sound  started
46.8564 	DATA 	Keypress: 4
51.2406 	DATA 	Keypress: space
51.2526 	EXP 	unnamed TextStim: text = 'trial 1 / 36'
52.2569 	EXP 	Sound  started
63.6491 	DATA 	Keypress: 2
63.6649 	EXP 	unnamed TextStim: text = 'trial 2 / 36'
64.6696 	EXP 	Sound  started
75.9270 	DATA 	Keypress: 1
75.9439 	EXP 	unnamed TextStim: text = 'trial 3 / 36'
76.9496 	EXP 	Sound  started
88.1876 	DATA 	Keypress: 2
88.2041 	EXP 	unnamed TextStim: text = 'trial 4 / 36'
89.2093 	EXP 	Sound  started
99.2995 	DATA 	Keypress: 4
99.3158 	EXP 	unnamed TextStim: text = 'trial 5 / 36'
100.3206 	EXP 	Sound  started
110.4609 	DATA 	Keypress: 4
110.4775 	EXP 	unnamed TextStim: text = 'trial 6 / 36'
111.4821 	EXP 	Sound  started
121.8234 	DATA 	Keypress: 5
121.8391 	EXP 	unnamed TextStim: text = 'trial 7 / 36'
122.8438 	EXP 	Sound  started
133.8004 	DATA 	Keypress: 4
133.8165 	EXP 	unnamed TextStim: text = 'trial 8 / 36'
134.8209 	EXP 	Sound  started
145.5291 	DATA 	Keypress: 2
145.5614 	EXP 	unnamed TextStim: text = 'trial 9 / 36'
146.5660 	EXP 	Sound  started
157.9561 	DATA 	Keypress: 1
157.9725 	EXP 	unnamed TextStim: text = 'trial 10 / 36'
158.9765 	EXP 	Sound  started
169.3844 	DATA 	Keypress: 3
169.4008 	EXP 	unnamed TextStim: text = 'trial 11 / 36'
170.4053 	EXP 	Sound  started
181.0957 	DATA 	Keypress: 5
181.1123 	EXP 	unnamed TextStim: text = 'trial 12 / 36'
182.1168 	EXP 	Sound  started
194.5061 	DATA 	Keypress: 3
194.5225 	EXP 	unnamed TextStim: text = 'trial 13 / 36'
195.5268 	EXP 	Sound  started
206.7187 	DATA 	Keypress: 2
206.7333 	EXP 	unnamed TextStim: text = 'trial 14 / 36'
207.7377 	EXP 	Sound  started
218.5781 	DATA 	Keypress: 6
218.9951 	DATA 	Keypress: 5
219.0115 	EXP 	unnamed TextStim: text = 'trial 15 / 36'
220.0156 	EXP 	Sound  started
230.0096 	DATA 	Keypress: 3
231.1258 	DATA 	Keypress: 3
231.1504 	EXP 	unnamed TextStim: text = 'trial 16 / 36'
232.1548 	EXP 	Sound  started
234.5886 	DATA 	Keypress: 2
234.9048 	DATA 	Keypress: 3
235.2051 	DATA 	Keypress: 4
236.5208 	DATA 	Keypress: 5
242.7845 	DATA 	Keypress: 1
242.8003 	EXP 	unnamed TextStim: text = 'trial 17 / 36'
243.8048 	EXP 	Sound  started
254.7790 	DATA 	Keypress: 2
254.7953 	EXP 	unnamed TextStim: text = 'trial 18 / 36'
255.8004 	EXP 	Sound  started
266.4264 	DATA 	Keypress: 1
292.6807 	DATA 	Keypress: space
292.6891 	EXP 	unnamed TextStim: text = 'trial 19 / 36'
293.6940 	EXP 	Sound  started
305.3395 	DATA 	Keypress: 2
305.3555 	EXP 	unnamed TextStim: text = 'trial 20 / 36'
306.3602 	EXP 	Sound  started
316.6345 	DATA 	Keypress: 3
316.6504 	EXP 	unnamed TextStim: text = 'trial 21 / 36'
317.6546 	EXP 	Sound  started
328.0296 	DATA 	Keypress: 2
328.0455 	EXP 	unnamed TextStim: text = 'trial 22 / 36'
329.0504 	EXP 	Sound  started
339.3071 	DATA 	Keypress: 5
339.3238 	EXP 	unnamed TextStim: text = 'trial 23 / 36'
340.3282 	EXP 	Sound  started
350.9850 	DATA 	Keypress: 2
351.0013 	EXP 	unnamed TextStim: text = 'trial 24 / 36'
352.0053 	EXP 	Sound  started
363.4468 	DATA 	Keypress: 2
363.4630 	EXP 	unnamed TextStim: text = 'trial 25 / 36'
364.4672 	EXP 	Sound  started
376.6742 	DATA 	Keypress: 4
376.6905 	EXP 	unnamed TextStim: text = 'trial 26 / 36'
377.6968 	EXP 	Sound  started
388.3193 	DATA 	Keypress: 2
388.3348 	EXP 	unnamed TextStim: text = 'trial 27 / 36'
389.3393 	EXP 	Sound  started
400.7967 	DATA 	Keypress: 3
400.8127 	EXP 	unnamed TextStim: text = 'trial 28 / 36'
401.8165 	EXP 	Sound  started
412.4078 	DATA 	Keypress: 2
412.4234 	EXP 	unnamed TextStim: text = 'trial 29 / 36'
413.4274 	EXP 	Sound  started
423.6359 	DATA 	Keypress: 3
423.6524 	EXP 	unnamed TextStim: text = 'trial 30 / 36'
424.6568 	EXP 	Sound  started
434.9142 	DATA 	Keypress: 1
434.9305 	EXP 	unnamed TextStim: text = 'trial 31 / 36'
435.9348 	EXP 	Sound  started
447.5281 	DATA 	Keypress: 5
447.5600 	EXP 	unnamed TextStim: text = 'trial 32 / 36'
448.5643 	EXP 	Sound  started
458.9699 	DATA 	Keypress: 3
458.9862 	EXP 	unnamed TextStim: text = 'trial 33 / 36'
459.9910 	EXP 	Sound  started
464.3345 	DATA 	Keypress: 2
470.8982 	DATA 	Keypress: 2
470.9142 	EXP 	unnamed TextStim: text = 'trial 34 / 36'
471.9179 	EXP 	Sound  started
482.2431 	DATA 	Keypress: 5
482.2586 	EXP 	unnamed TextStim: text = 'trial 35 / 36'
483.2633 	EXP 	Sound  started
493.7371 	DATA 	Keypress: 1
493.7541 	EXP 	unnamed TextStim: text = 'trial 36 / 36'
494.7577 	EXP 	Sound  started
505.3325 	DATA 	Keypress: 3
530.2603 	DATA 	Mouse: Left button down, pos=(1180,504)
530.3609 	DATA 	Mouse:  Left button up, pos=(1180,504)
538.0968 	DATA 	Mouse: Left button down, pos=(1602,793)
538.1847 	DATA 	Mouse:  Left button up, pos=(1602,793)
539.8087 	DATA 	Keypress: space
554.3528 	DATA 	Keypress: space
558.5047 	DATA 	Keypress: space
558.5137 	EXP 	unnamed TextStim: text = 'trial 1 / 2'
559.5183 	EXP 	Sound  started
569.9199 	DATA 	Keypress: 1
569.9360 	EXP 	unnamed TextStim: text = 'trial 2 / 2'
570.9409 	EXP 	Sound  started
583.0303 	DATA 	Keypress: 4
587.6088 	DATA 	Keypress: space
587.6201 	EXP 	unnamed TextStim: text = 'trial 1 / 36'
588.6251 	EXP 	Sound  started
601.6055 	DATA 	Keypress: 3
601.6216 	EXP 	unnamed TextStim: text = 'trial 2 / 36'
602.6254 	EXP 	Sound  started
613.1506 	DATA 	Keypress: 4
613.1665 	EXP 	unnamed TextStim: text = 'trial 3 / 36'
614.1708 	EXP 	Sound  started
624.9456 	DATA 	Keypress: 2
624.9793 	EXP 	unnamed TextStim: text = 'trial 4 / 36'
625.9832 	EXP 	Sound  started
636.0897 	DATA 	Keypress: 4
636.1062 	EXP 	unnamed TextStim: text = 'trial 5 / 36'
637.1109 	EXP 	Sound  started
648.3512 	DATA 	Keypress: 2
648.3667 	EXP 	unnamed TextStim: text = 'trial 6 / 36'
649.3711 	EXP 	Sound  started
661.2953 	DATA 	Keypress: 3
661.3111 	EXP 	unnamed TextStim: text = 'trial 7 / 36'
662.3149 	EXP 	Sound  started
674.6389 	DATA 	Keypress: 5
674.6553 	EXP 	unnamed TextStim: text = 'trial 8 / 36'
675.6603 	EXP 	Sound  started
686.2670 	DATA 	Keypress: 3
686.2829 	EXP 	unnamed TextStim: text = 'trial 9 / 36'
687.2884 	EXP 	Sound  started
697.8951 	DATA 	Keypress: 5
697.9112 	EXP 	unnamed TextStim: text = 'trial 10 / 36'
698.9161 	EXP 	Sound  started
709.0925 	DATA 	Keypress: 3
709.1223 	EXP 	unnamed TextStim: text = 'trial 11 / 36'
710.1262 	EXP 	Sound  started
721.0347 	DATA 	Keypress: 4
721.0505 	EXP 	unnamed TextStim: text = 'trial 12 / 36'
722.0548 	EXP 	Sound  started
734.3454 	DATA 	Keypress: 4
734.3615 	EXP 	unnamed TextStim: text = 'trial 13 / 36'
735.3666 	EXP 	Sound  started
746.3900 	DATA 	Keypress: 2
746.4060 	EXP 	unnamed TextStim: text = 'trial 14 / 36'
747.4103 	EXP 	Sound  started
760.8015 	DATA 	Keypress: 4
760.8332 	EXP 	unnamed TextStim: text = 'trial 15 / 36'
761.8370 	EXP 	Sound  started
772.3450 	DATA 	Keypress: 2
772.3611 	EXP 	unnamed TextStim: text = 'trial 16 / 36'
773.3655 	EXP 	Sound  started
786.4046 	DATA 	Keypress: 1
786.4209 	EXP 	unnamed TextStim: text = 'trial 17 / 36'
787.4261 	EXP 	Sound  started
799.8491 	DATA 	Keypress: 2
799.8818 	EXP 	unnamed TextStim: text = 'trial 18 / 36'
800.8865 	EXP 	Sound  started
811.8432 	DATA 	Keypress: 3
825.2570 	DATA 	Keypress: space
825.2655 	EXP 	unnamed TextStim: text = 'trial 19 / 36'
826.2692 	EXP 	Sound  started
837.6357 	DATA 	Mouse: Left button down, pos=(1449,511)
837.7496 	DATA 	Mouse:  Left button up, pos=(1449,511)
838.7141 	DATA 	Keypress: 3
838.7305 	EXP 	unnamed TextStim: text = 'trial 20 / 36'
839.7356 	EXP 	Sound  started
851.9255 	DATA 	Keypress: 2
851.9419 	EXP 	unnamed TextStim: text = 'trial 21 / 36'
852.9465 	EXP 	Sound  started
868.3848 	DATA 	Keypress: 4
868.4003 	EXP 	unnamed TextStim: text = 'trial 22 / 36'
869.4052 	EXP 	Sound  started
883.0108 	DATA 	Keypress: 2
883.0274 	EXP 	unnamed TextStim: text = 'trial 23 / 36'
884.0317 	EXP 	Sound  started
895.5225 	DATA 	Keypress: 1
895.5382 	EXP 	unnamed TextStim: text = 'trial 24 / 36'
896.5427 	EXP 	Sound  started
908.4330 	DATA 	Keypress: 5
908.4494 	EXP 	unnamed TextStim: text = 'trial 25 / 36'
909.4539 	EXP 	Sound  started
920.7113 	DATA 	Keypress: 2
920.7273 	EXP 	unnamed TextStim: text = 'trial 26 / 36'
921.7320 	EXP 	Sound  started
934.5887 	DATA 	Keypress: 5
934.6053 	EXP 	unnamed TextStim: text = 'trial 27 / 36'
935.6099 	EXP 	Sound  started
950.0802 	DATA 	Keypress: 5
950.0971 	EXP 	unnamed TextStim: text = 'trial 28 / 36'
951.1015 	EXP 	Sound  started
963.4749 	DATA 	Keypress: 3
963.4911 	EXP 	unnamed TextStim: text = 'trial 29 / 36'
964.4957 	EXP 	Sound  started
975.9358 	DATA 	Keypress: 2
975.9519 	EXP 	unnamed TextStim: text = 'trial 30 / 36'
976.9560 	EXP 	Sound  started
988.5965 	DATA 	Keypress: 5
988.6129 	EXP 	unnamed TextStim: text = 'trial 31 / 36'
989.6167 	EXP 	Sound  started
1000.5746 	DATA 	Keypress: 4
1000.5910 	EXP 	unnamed TextStim: text = 'trial 32 / 36'
1001.5955 	EXP 	Sound  started
1013.0857 	DATA 	Keypress: 2
1013.1015 	EXP 	unnamed TextStim: text = 'trial 33 / 36'
1014.1052 	EXP 	Sound  started
1025.0305 	DATA 	Keypress: 2
1025.0463 	EXP 	unnamed TextStim: text = 'trial 34 / 36'
1026.0512 	EXP 	Sound  started
1036.5750 	DATA 	Keypress: 1
1036.5911 	EXP 	unnamed TextStim: text = 'trial 35 / 36'
1037.5954 	EXP 	Sound  started
1048.9034 	DATA 	Keypress: 5
1048.9194 	EXP 	unnamed TextStim: text = 'trial 36 / 36'
1049.9240 	EXP 	Sound  started
1062.1465 	DATA 	Keypress: 1
1062.2267 	EXP 	window1: mouseVisible = True
12.9014 	WARNING 	Monitor specification not found. Creating a temporary one...
12.9277 	WARNING 	User requested fullscreen with size [800 600], but screen is actually [1920, 1080]. Using actual size
0.7259 	DATA 	Keypress: space
4.8303 	DATA 	Keypress: space
4.8501 	EXP 	unnamed TextStim: text = 'trial 1 / 2'
6.8558 	EXP 	Sound  started
19.6060 	DATA 	Keypress: 3
19.6215 	EXP 	unnamed TextStim: text = 'trial 2 / 2'
21.6265 	EXP 	Sound  started
34.8987 	DATA 	Keypress: 4
36.7420 	DATA 	Keypress: space
36.7553 	EXP 	unnamed TextStim: text = 'trial 1 / 36'
38.7605 	EXP 	Sound  started
51.6087 	DATA 	Keypress: 4
51.6256 	EXP 	unnamed TextStim: text = 'trial 2 / 36'
53.6307 	EXP 	Sound  started
64.7186 	DATA 	Keypress: 5
64.7346 	EXP 	unnamed TextStim: text = 'trial 3 / 36'
66.7404 	EXP 	Sound  started
77.7301 	DATA 	Keypress: 2
77.7456 	EXP 	unnamed TextStim: text = 'trial 4 / 36'
79.7514 	EXP 	Sound  started
90.9908 	DATA 	Keypress: 2
91.0088 	EXP 	unnamed TextStim: text = 'trial 5 / 36'
93.0142 	EXP 	Sound  started
105.0333 	DATA 	Keypress: 4
105.0499 	EXP 	unnamed TextStim: text = 'trial 6 / 36'
107.0545 	EXP 	Sound  started
118.2442 	DATA 	Keypress: 2
118.2605 	EXP 	unnamed TextStim: text = 'trial 7 / 36'
120.2655 	EXP 	Sound  started
131.8554 	DATA 	Keypress: 4
131.8713 	EXP 	unnamed TextStim: text = 'trial 8 / 36'
133.8765 	EXP 	Sound  started
145.7483 	DATA 	Keypress: 4
145.7649 	EXP 	unnamed TextStim: text = 'trial 9 / 36'
147.7692 	EXP 	Sound  started
159.2089 	DATA 	Keypress: 3
159.2255 	EXP 	unnamed TextStim: text = 'trial 10 / 36'
161.2305 	EXP 	Sound  started
175.5020 	DATA 	Keypress: 3
175.5345 	EXP 	unnamed TextStim: text = 'trial 11 / 36'
177.5400 	EXP 	Sound  started
189.9450 	DATA 	Keypress: 4
189.9612 	EXP 	unnamed TextStim: text = 'trial 12 / 36'
191.9653 	EXP 	Sound  started
203.6389 	DATA 	Keypress: 2
203.6553 	EXP 	unnamed TextStim: text = 'trial 13 / 36'
205.6605 	EXP 	Sound  started
216.6831 	DATA 	Keypress: 2
216.6999 	EXP 	unnamed TextStim: text = 'trial 14 / 36'
218.7047 	EXP 	Sound  started
230.6931 	DATA 	Keypress: 4
230.7099 	EXP 	unnamed TextStim: text = 'trial 15 / 36'
232.7143 	EXP 	Sound  started
243.9706 	DATA 	Keypress: 5
243.9869 	EXP 	unnamed TextStim: text = 'trial 16 / 36'
245.9913 	EXP 	Sound  started
256.8489 	DATA 	Keypress: 2
256.8644 	EXP 	unnamed TextStim: text = 'trial 17 / 36'
258.8702 	EXP 	Sound  started
269.7253 	DATA 	Keypress: 1
269.7419 	EXP 	unnamed TextStim: text = 'trial 18 / 36'
271.7481 	EXP 	Sound  started
282.8195 	DATA 	Keypress: 4
425.0699 	DATA 	Keypress: space
425.0782 	EXP 	unnamed TextStim: text = 'trial 19 / 36'
427.0832 	EXP 	Sound  started
438.2825 	DATA 	Keypress: 3
438.2992 	EXP 	unnamed TextStim: text = 'trial 20 / 36'
440.3045 	EXP 	Sound  started
450.9931 	DATA 	Keypress: 2
451.0093 	EXP 	unnamed TextStim: text = 'trial 21 / 36'
453.0144 	EXP 	Sound  started
456.0752 	DATA 	Keypress: escape
456.0753 	EXP 	Global key event: shutdown. Calling <function quit_and_save at 0x00000222088D0268>.
456.1475 	EXP 	window1: mouseVisible = True
15.9659 	WARNING 	Monitor specification not found. Creating a temporary one...
16.0011 	WARNING 	User requested fullscreen with size [800 600], but screen is actually [1920, 1080]. Using actual size
13.1673 	DATA 	Keypress: space
18.1275 	DATA 	Keypress: space
18.1378 	EXP 	unnamed TextStim: text = 'trial 1 / 2'
20.1435 	EXP 	Sound  started
31.2622 	DATA 	Keypress: 1
31.2781 	EXP 	unnamed TextStim: text = 'trial 2 / 2'
33.2820 	EXP 	Sound  started
43.7234 	DATA 	Keypress: 4
48.0236 	DATA 	Keypress: space
48.0345 	EXP 	unnamed TextStim: text = 'trial 1 / 36'
50.0395 	EXP 	Sound  started
63.0642 	DATA 	Keypress: 4
63.0808 	EXP 	unnamed TextStim: text = 'trial 2 / 36'
65.0856 	EXP 	Sound  started
76.4585 	DATA 	Keypress: 4
76.4747 	EXP 	unnamed TextStim: text = 'trial 3 / 36'
78.4795 	EXP 	Sound  started
88.6695 	DATA 	Keypress: 2
88.6860 	EXP 	unnamed TextStim: text = 'trial 4 / 36'
90.6907 	EXP 	Sound  started
101.0970 	DATA 	Keypress: 3
101.1136 	EXP 	unnamed TextStim: text = 'trial 5 / 36'
103.1186 	EXP 	Sound  started
114.9577 	DATA 	Keypress: 4
114.9740 	EXP 	unnamed TextStim: text = 'trial 6 / 36'
116.9797 	EXP 	Sound  started
128.7849 	DATA 	Keypress: 5
128.8011 	EXP 	unnamed TextStim: text = 'trial 7 / 36'
130.8066 	EXP 	Sound  started
141.9143 	DATA 	Keypress: 2
141.9328 	EXP 	unnamed TextStim: text = 'trial 8 / 36'
143.9374 	EXP 	Sound  started
155.5055 	DATA 	Keypress: 2
155.5221 	EXP 	unnamed TextStim: text = 'trial 9 / 36'
157.5261 	EXP 	Sound  started
160.0044 	DATA 	Keypress: escape
160.0045 	EXP 	Global key event: shutdown. Calling <function quit_and_save at 0x000001B1C3100268>.
160.0633 	EXP 	window1: mouseVisible = True
